ARM GAS  /tmp/cca1zTpc.s 			page 1


   1              		.cpu cortex-m3
   2              		.eabi_attribute 20, 1
   3              		.eabi_attribute 21, 1
   4              		.eabi_attribute 23, 3
   5              		.eabi_attribute 24, 1
   6              		.eabi_attribute 25, 1
   7              		.eabi_attribute 26, 1
   8              		.eabi_attribute 30, 1
   9              		.eabi_attribute 34, 1
  10              		.eabi_attribute 18, 4
  11              		.file	"bsp_led.c"
  12              		.text
  13              	.Ltext0:
  14              		.cfi_sections	.debug_frame
  15              		.section	.text.LED_Config,"ax",%progbits
  16              		.align	1
  17              		.global	LED_Config
  18              		.syntax unified
  19              		.thumb
  20              		.thumb_func
  21              		.fpu softvfp
  23              	LED_Config:
  24              	.LFB66:
  25              		.file 1 "HARDWARE/LED/bsp_led.c"
   1:HARDWARE/LED/bsp_led.c **** #include "bsp_led.h"
   2:HARDWARE/LED/bsp_led.c **** 
   3:HARDWARE/LED/bsp_led.c **** void LED_Config(void){
  26              		.loc 1 3 0
  27              		.cfi_startproc
  28              		@ args = 0, pretend = 0, frame = 24
  29              		@ frame_needed = 0, uses_anonymous_args = 0
  30 0000 30B5     		push	{r4, r5, lr}
  31              	.LCFI0:
  32              		.cfi_def_cfa_offset 12
  33              		.cfi_offset 4, -12
  34              		.cfi_offset 5, -8
  35              		.cfi_offset 14, -4
  36 0002 87B0     		sub	sp, sp, #28
  37              	.LCFI1:
  38              		.cfi_def_cfa_offset 40
  39              	.LBB2:
   4:HARDWARE/LED/bsp_led.c ****     LED_1_CLK_ENABLE();
  40              		.loc 1 4 0
  41 0004 0B4B     		ldr	r3, .L3
  42 0006 9A69     		ldr	r2, [r3, #24]
  43 0008 42F00802 		orr	r2, r2, #8
  44 000c 9A61     		str	r2, [r3, #24]
  45 000e 9B69     		ldr	r3, [r3, #24]
  46 0010 03F00803 		and	r3, r3, #8
  47 0014 0193     		str	r3, [sp, #4]
  48 0016 019B     		ldr	r3, [sp, #4]
  49              	.LBE2:
   5:HARDWARE/LED/bsp_led.c ****     GPIO_InitTypeDef GPIO_InitStructure;
   6:HARDWARE/LED/bsp_led.c ****     GPIO_InitStructure.Pin = LED_1_PIN;
  50              		.loc 1 6 0
  51 0018 0124     		movs	r4, #1
  52 001a 0294     		str	r4, [sp, #8]
ARM GAS  /tmp/cca1zTpc.s 			page 2


   7:HARDWARE/LED/bsp_led.c ****     GPIO_InitStructure.Mode = GPIO_MODE_OUTPUT_PP;
  53              		.loc 1 7 0
  54 001c 0394     		str	r4, [sp, #12]
   8:HARDWARE/LED/bsp_led.c ****     GPIO_InitStructure.Pull = GPIO_NOPULL;
  55              		.loc 1 8 0
  56 001e 0023     		movs	r3, #0
  57 0020 0493     		str	r3, [sp, #16]
   9:HARDWARE/LED/bsp_led.c ****     GPIO_InitStructure.Speed = GPIO_SPEED_FREQ_MEDIUM;
  58              		.loc 1 9 0
  59 0022 0594     		str	r4, [sp, #20]
  10:HARDWARE/LED/bsp_led.c ****     HAL_GPIO_Init(LED_1_PORT,&GPIO_InitStructure);
  60              		.loc 1 10 0
  61 0024 044D     		ldr	r5, .L3+4
  62 0026 02A9     		add	r1, sp, #8
  63 0028 2846     		mov	r0, r5
  64 002a FFF7FEFF 		bl	HAL_GPIO_Init
  65              	.LVL0:
  11:HARDWARE/LED/bsp_led.c ****     LED_1_PORT->BSRR = LED_1_PIN;
  66              		.loc 1 11 0
  67 002e 2C61     		str	r4, [r5, #16]
  12:HARDWARE/LED/bsp_led.c **** }...
  68              		.loc 1 12 0
  69 0030 07B0     		add	sp, sp, #28
  70              	.LCFI2:
  71              		.cfi_def_cfa_offset 12
  72              		@ sp needed
  73 0032 30BD     		pop	{r4, r5, pc}
  74              	.L4:
  75              		.align	2
  76              	.L3:
  77 0034 00100240 		.word	1073876992
  78 0038 000C0140 		.word	1073810432
  79              		.cfi_endproc
  80              	.LFE66:
  82              		.text
  83              	.Letext0:
  84              		.file 2 "/usr/local/gcc-arm-none-eabi-7-2018-q2-update/arm-none-eabi/include/machine/_default_type
  85              		.file 3 "/usr/local/gcc-arm-none-eabi-7-2018-q2-update/arm-none-eabi/include/sys/_stdint.h"
  86              		.file 4 "Drivers/CMSIS/Include/core_cm3.h"
  87              		.file 5 "Drivers/CMSIS/Device/ST/STM32F1xx/Include/system_stm32f1xx.h"
  88              		.file 6 "Drivers/CMSIS/Device/ST/STM32F1xx/Include/stm32f103xe.h"
  89              		.file 7 "/usr/local/gcc-arm-none-eabi-7-2018-q2-update/arm-none-eabi/include/sys/lock.h"
  90              		.file 8 "/usr/local/gcc-arm-none-eabi-7-2018-q2-update/arm-none-eabi/include/sys/_types.h"
  91              		.file 9 "/usr/local/gcc-arm-none-eabi-7-2018-q2-update/lib/gcc/arm-none-eabi/7.3.1/include/stddef.
  92              		.file 10 "/usr/local/gcc-arm-none-eabi-7-2018-q2-update/arm-none-eabi/include/sys/reent.h"
  93              		.file 11 "Drivers/STM32F1xx_HAL_Driver/Inc/stm32f1xx_hal_gpio.h"
ARM GAS  /tmp/cca1zTpc.s 			page 3


DEFINED SYMBOLS
                            *ABS*:0000000000000000 bsp_led.c
     /tmp/cca1zTpc.s:16     .text.LED_Config:0000000000000000 $t
     /tmp/cca1zTpc.s:23     .text.LED_Config:0000000000000000 LED_Config
     /tmp/cca1zTpc.s:77     .text.LED_Config:0000000000000034 $d

UNDEFINED SYMBOLS
HAL_GPIO_Init
