ARM GAS  /tmp/cck35XVP.s 			page 1


   1              		.cpu cortex-m3
   2              		.eabi_attribute 20, 1
   3              		.eabi_attribute 21, 1
   4              		.eabi_attribute 23, 3
   5              		.eabi_attribute 24, 1
   6              		.eabi_attribute 25, 1
   7              		.eabi_attribute 26, 1
   8              		.eabi_attribute 30, 1
   9              		.eabi_attribute 34, 1
  10              		.eabi_attribute 18, 4
  11              		.file	"bsp_uart_receive.c"
  12              		.text
  13              	.Ltext0:
  14              		.cfi_sections	.debug_frame
  15              		.section	.text.UART_Receive_Config,"ax",%progbits
  16              		.align	1
  17              		.global	UART_Receive_Config
  18              		.syntax unified
  19              		.thumb
  20              		.thumb_func
  21              		.fpu softvfp
  23              	UART_Receive_Config:
  24              	.LFB66:
  25              		.file 1 "HARDWARE/UART/bsp_uart_receive.c"
   1:HARDWARE/UART/bsp_uart_receive.c **** #include "bsp_uart_receive.h"
   2:HARDWARE/UART/bsp_uart_receive.c **** void UART_Receive_Config(void){
  26              		.loc 1 2 0
  27              		.cfi_startproc
  28              		@ args = 0, pretend = 0, frame = 96
  29              		@ frame_needed = 0, uses_anonymous_args = 0
  30 0000 30B5     		push	{r4, r5, lr}
  31              	.LCFI0:
  32              		.cfi_def_cfa_offset 12
  33              		.cfi_offset 4, -12
  34              		.cfi_offset 5, -8
  35              		.cfi_offset 14, -4
  36 0002 99B0     		sub	sp, sp, #100
  37              	.LCFI1:
  38              		.cfi_def_cfa_offset 112
  39              	.LBB2:
   3:HARDWARE/UART/bsp_uart_receive.c ****     UART_GPIO_CLK_ENABLE();
  40              		.loc 1 3 0
  41 0004 1F4C     		ldr	r4, .L3
  42 0006 A369     		ldr	r3, [r4, #24]
  43 0008 43F00803 		orr	r3, r3, #8
  44 000c A361     		str	r3, [r4, #24]
  45 000e A369     		ldr	r3, [r4, #24]
  46 0010 03F00803 		and	r3, r3, #8
  47 0014 0093     		str	r3, [sp]
  48 0016 009B     		ldr	r3, [sp]
  49              	.LBE2:
   4:HARDWARE/UART/bsp_uart_receive.c ****     GPIO_InitTypeDef GPIO_InitStructure;
   5:HARDWARE/UART/bsp_uart_receive.c ****     GPIO_InitStructure.Pin = UART_GPIO_PIN;
  50              		.loc 1 5 0
  51 0018 8023     		movs	r3, #128
  52 001a 1493     		str	r3, [sp, #80]
   6:HARDWARE/UART/bsp_uart_receive.c ****     GPIO_InitStructure.Mode = GPIO_MODE_AF_INPUT;
ARM GAS  /tmp/cck35XVP.s 			page 2


  53              		.loc 1 6 0
  54 001c 0025     		movs	r5, #0
  55 001e 1595     		str	r5, [sp, #84]
   7:HARDWARE/UART/bsp_uart_receive.c ****     GPIO_InitStructure.Pull = GPIO_NOPULL;
  56              		.loc 1 7 0
  57 0020 1695     		str	r5, [sp, #88]
   8:HARDWARE/UART/bsp_uart_receive.c ****     GPIO_InitStructure.Speed = GPIO_SPEED_FREQ_HIGH;
  58              		.loc 1 8 0
  59 0022 0323     		movs	r3, #3
  60 0024 1793     		str	r3, [sp, #92]
   9:HARDWARE/UART/bsp_uart_receive.c ****     HAL_GPIO_Init(UART_GPIO_PORT,&GPIO_InitStructure);
  61              		.loc 1 9 0
  62 0026 14A9     		add	r1, sp, #80
  63 0028 1748     		ldr	r0, .L3+4
  64 002a FFF7FEFF 		bl	HAL_GPIO_Init
  65              	.LVL0:
  66              	.LBB3:
  10:HARDWARE/UART/bsp_uart_receive.c **** 
  11:HARDWARE/UART/bsp_uart_receive.c ****     UART_CLK_ENABLE();
  67              		.loc 1 11 0
  68 002e A369     		ldr	r3, [r4, #24]
  69 0030 43F48043 		orr	r3, r3, #16384
  70 0034 A361     		str	r3, [r4, #24]
  71 0036 A369     		ldr	r3, [r4, #24]
  72 0038 03F48043 		and	r3, r3, #16384
  73 003c 0193     		str	r3, [sp, #4]
  74 003e 019B     		ldr	r3, [sp, #4]
  75              	.LBE3:
  76              	.LBB4:
  12:HARDWARE/UART/bsp_uart_receive.c ****     __HAL_RCC_AFIO_CLK_ENABLE();
  77              		.loc 1 12 0
  78 0040 A369     		ldr	r3, [r4, #24]
  79 0042 43F00103 		orr	r3, r3, #1
  80 0046 A361     		str	r3, [r4, #24]
  81 0048 A369     		ldr	r3, [r4, #24]
  82 004a 03F00103 		and	r3, r3, #1
  83 004e 0293     		str	r3, [sp, #8]
  84 0050 029B     		ldr	r3, [sp, #8]
  85              	.LBE4:
  13:HARDWARE/UART/bsp_uart_receive.c ****     //__HAL_AFIO_REMAP_SWJ_NOJTAG();
  14:HARDWARE/UART/bsp_uart_receive.c ****     __HAL_AFIO_REMAP_USART1_ENABLE();
  86              		.loc 1 14 0
  87 0052 0E4A     		ldr	r2, .L3+8
  88 0054 5368     		ldr	r3, [r2, #4]
  89 0056 43F00403 		orr	r3, r3, #4
  90 005a 5360     		str	r3, [r2, #4]
  15:HARDWARE/UART/bsp_uart_receive.c ****     
  16:HARDWARE/UART/bsp_uart_receive.c ****     USART_HandleTypeDef USART_HandleStructure;
  17:HARDWARE/UART/bsp_uart_receive.c ****     USART_HandleStructure.Instance = UARTx;
  91              		.loc 1 17 0
  92 005c A4F55844 		sub	r4, r4, #55296
  93 0060 0394     		str	r4, [sp, #12]
  18:HARDWARE/UART/bsp_uart_receive.c ****     USART_HandleStructure.Init.BaudRate = 115200;
  94              		.loc 1 18 0
  95 0062 4FF4E133 		mov	r3, #115200
  96 0066 0493     		str	r3, [sp, #16]
  19:HARDWARE/UART/bsp_uart_receive.c ****     USART_HandleStructure.Init.WordLength = USART_WORDLENGTH_8B;
ARM GAS  /tmp/cck35XVP.s 			page 3


  97              		.loc 1 19 0
  98 0068 0595     		str	r5, [sp, #20]
  20:HARDWARE/UART/bsp_uart_receive.c ****     USART_HandleStructure.Init.StopBits = USART_STOPBITS_1;
  99              		.loc 1 20 0
 100 006a 0695     		str	r5, [sp, #24]
  21:HARDWARE/UART/bsp_uart_receive.c ****     USART_HandleStructure.Init.Parity = USART_PARITY_NONE;
 101              		.loc 1 21 0
 102 006c 0795     		str	r5, [sp, #28]
  22:HARDWARE/UART/bsp_uart_receive.c ****     USART_HandleStructure.Init.Mode = USART_MODE_RX;
 103              		.loc 1 22 0
 104 006e 0423     		movs	r3, #4
 105 0070 0893     		str	r3, [sp, #32]
  23:HARDWARE/UART/bsp_uart_receive.c ****     if(HAL_USART_Init(&USART_HandleStructure) == HAL_OK){
 106              		.loc 1 23 0
 107 0072 03A8     		add	r0, sp, #12
 108 0074 FFF7FEFF 		bl	HAL_USART_Init
 109              	.LVL1:
  24:HARDWARE/UART/bsp_uart_receive.c ****     }
  25:HARDWARE/UART/bsp_uart_receive.c ****     UARTx->CR1 |= 0x4000;
 110              		.loc 1 25 0
 111 0078 E368     		ldr	r3, [r4, #12]
 112 007a 43F48043 		orr	r3, r3, #16384
 113 007e E360     		str	r3, [r4, #12]
  26:HARDWARE/UART/bsp_uart_receive.c **** }...
 114              		.loc 1 26 0
 115 0080 19B0     		add	sp, sp, #100
 116              	.LCFI2:
 117              		.cfi_def_cfa_offset 12
 118              		@ sp needed
 119 0082 30BD     		pop	{r4, r5, pc}
 120              	.L4:
 121              		.align	2
 122              	.L3:
 123 0084 00100240 		.word	1073876992
 124 0088 000C0140 		.word	1073810432
 125 008c 00000140 		.word	1073807360
 126              		.cfi_endproc
 127              	.LFE66:
 129              		.text
 130              	.Letext0:
 131              		.file 2 "/usr/local/gcc-arm-none-eabi-7-2018-q2-update/arm-none-eabi/include/machine/_default_type
 132              		.file 3 "/usr/local/gcc-arm-none-eabi-7-2018-q2-update/arm-none-eabi/include/sys/_stdint.h"
 133              		.file 4 "Drivers/CMSIS/Include/core_cm3.h"
 134              		.file 5 "Drivers/CMSIS/Device/ST/STM32F1xx/Include/system_stm32f1xx.h"
 135              		.file 6 "Drivers/CMSIS/Device/ST/STM32F1xx/Include/stm32f103xe.h"
 136              		.file 7 "/usr/local/gcc-arm-none-eabi-7-2018-q2-update/arm-none-eabi/include/sys/lock.h"
 137              		.file 8 "/usr/local/gcc-arm-none-eabi-7-2018-q2-update/arm-none-eabi/include/sys/_types.h"
 138              		.file 9 "/usr/local/gcc-arm-none-eabi-7-2018-q2-update/lib/gcc/arm-none-eabi/7.3.1/include/stddef.
 139              		.file 10 "/usr/local/gcc-arm-none-eabi-7-2018-q2-update/arm-none-eabi/include/sys/reent.h"
 140              		.file 11 "Drivers/STM32F1xx_HAL_Driver/Inc/stm32f1xx_hal_def.h"
 141              		.file 12 "Drivers/STM32F1xx_HAL_Driver/Inc/stm32f1xx_hal_gpio.h"
 142              		.file 13 "Drivers/STM32F1xx_HAL_Driver/Inc/stm32f1xx_hal_dma.h"
 143              		.file 14 "Drivers/STM32F1xx_HAL_Driver/Inc/stm32f1xx_hal_usart.h"
ARM GAS  /tmp/cck35XVP.s 			page 4


DEFINED SYMBOLS
                            *ABS*:0000000000000000 bsp_uart_receive.c
     /tmp/cck35XVP.s:16     .text.UART_Receive_Config:0000000000000000 $t
     /tmp/cck35XVP.s:23     .text.UART_Receive_Config:0000000000000000 UART_Receive_Config
     /tmp/cck35XVP.s:123    .text.UART_Receive_Config:0000000000000084 $d

UNDEFINED SYMBOLS
HAL_GPIO_Init
HAL_USART_Init
