ARM GAS  /tmp/cci6ODhw.s 			page 1


   1              		.cpu cortex-m3
   2              		.eabi_attribute 20, 1
   3              		.eabi_attribute 21, 1
   4              		.eabi_attribute 23, 3
   5              		.eabi_attribute 24, 1
   6              		.eabi_attribute 25, 1
   7              		.eabi_attribute 26, 1
   8              		.eabi_attribute 30, 2
   9              		.eabi_attribute 34, 1
  10              		.eabi_attribute 18, 4
  11              		.file	"stm32f1xx_hal_spi_ex.c"
  12              		.text
  13              	.Ltext0:
  14              		.cfi_sections	.debug_frame
  15              		.section	.text.HAL_SPI_Init,"ax",%progbits
  16              		.align	1
  17              		.p2align 2,,3
  18              		.global	HAL_SPI_Init
  19              		.syntax unified
  20              		.thumb
  21              		.thumb_func
  22              		.fpu softvfp
  24              	HAL_SPI_Init:
  25              	.LFB66:
  26              		.file 1 "Drivers/STM32F1xx_HAL_Driver/Src/stm32f1xx_hal_spi_ex.c"
   1:Drivers/STM32F1xx_HAL_Driver/Src/stm32f1xx_hal_spi_ex.c **** /**
   2:Drivers/STM32F1xx_HAL_Driver/Src/stm32f1xx_hal_spi_ex.c ****   ******************************************************************************
   3:Drivers/STM32F1xx_HAL_Driver/Src/stm32f1xx_hal_spi_ex.c ****   * @file    stm32f1xx_hal_spi_ex.c
   4:Drivers/STM32F1xx_HAL_Driver/Src/stm32f1xx_hal_spi_ex.c ****   * @author  MCD Application Team
   5:Drivers/STM32F1xx_HAL_Driver/Src/stm32f1xx_hal_spi_ex.c ****   * @version V1.1.1
   6:Drivers/STM32F1xx_HAL_Driver/Src/stm32f1xx_hal_spi_ex.c ****   * @date    12-May-2017
   7:Drivers/STM32F1xx_HAL_Driver/Src/stm32f1xx_hal_spi_ex.c ****   * @brief   Extended SPI HAL module driver.
   8:Drivers/STM32F1xx_HAL_Driver/Src/stm32f1xx_hal_spi_ex.c ****   *    
   9:Drivers/STM32F1xx_HAL_Driver/Src/stm32f1xx_hal_spi_ex.c ****   *          This file provides firmware functions to manage the following 
  10:Drivers/STM32F1xx_HAL_Driver/Src/stm32f1xx_hal_spi_ex.c ****   *          functionalities SPI extension peripheral:
  11:Drivers/STM32F1xx_HAL_Driver/Src/stm32f1xx_hal_spi_ex.c ****   *           + Extended Peripheral Control functions
  12:Drivers/STM32F1xx_HAL_Driver/Src/stm32f1xx_hal_spi_ex.c ****   *  
  13:Drivers/STM32F1xx_HAL_Driver/Src/stm32f1xx_hal_spi_ex.c ****   ******************************************************************************
  14:Drivers/STM32F1xx_HAL_Driver/Src/stm32f1xx_hal_spi_ex.c ****   * @attention
  15:Drivers/STM32F1xx_HAL_Driver/Src/stm32f1xx_hal_spi_ex.c ****   *
  16:Drivers/STM32F1xx_HAL_Driver/Src/stm32f1xx_hal_spi_ex.c ****   * <h2><center>&copy; COPYRIGHT(c) 2016 STMicroelectronics</center></h2>
  17:Drivers/STM32F1xx_HAL_Driver/Src/stm32f1xx_hal_spi_ex.c ****   *
  18:Drivers/STM32F1xx_HAL_Driver/Src/stm32f1xx_hal_spi_ex.c ****   * Redistribution and use in source and binary forms, with or without modification,
  19:Drivers/STM32F1xx_HAL_Driver/Src/stm32f1xx_hal_spi_ex.c ****   * are permitted provided that the following conditions are met:
  20:Drivers/STM32F1xx_HAL_Driver/Src/stm32f1xx_hal_spi_ex.c ****   *   1. Redistributions of source code must retain the above copyright notice,
  21:Drivers/STM32F1xx_HAL_Driver/Src/stm32f1xx_hal_spi_ex.c ****   *      this list of conditions and the following disclaimer.
  22:Drivers/STM32F1xx_HAL_Driver/Src/stm32f1xx_hal_spi_ex.c ****   *   2. Redistributions in binary form must reproduce the above copyright notice,
  23:Drivers/STM32F1xx_HAL_Driver/Src/stm32f1xx_hal_spi_ex.c ****   *      this list of conditions and the following disclaimer in the documentation
  24:Drivers/STM32F1xx_HAL_Driver/Src/stm32f1xx_hal_spi_ex.c ****   *      and/or other materials provided with the distribution.
  25:Drivers/STM32F1xx_HAL_Driver/Src/stm32f1xx_hal_spi_ex.c ****   *   3. Neither the name of STMicroelectronics nor the names of its contributors
  26:Drivers/STM32F1xx_HAL_Driver/Src/stm32f1xx_hal_spi_ex.c ****   *      may be used to endorse or promote products derived from this software
  27:Drivers/STM32F1xx_HAL_Driver/Src/stm32f1xx_hal_spi_ex.c ****   *      without specific prior written permission.
  28:Drivers/STM32F1xx_HAL_Driver/Src/stm32f1xx_hal_spi_ex.c ****   *
  29:Drivers/STM32F1xx_HAL_Driver/Src/stm32f1xx_hal_spi_ex.c ****   * THIS SOFTWARE IS PROVIDED BY THE COPYRIGHT HOLDERS AND CONTRIBUTORS "AS IS"
  30:Drivers/STM32F1xx_HAL_Driver/Src/stm32f1xx_hal_spi_ex.c ****   * AND ANY EXPRESS OR IMPLIED WARRANTIES, INCLUDING, BUT NOT LIMITED TO, THE
  31:Drivers/STM32F1xx_HAL_Driver/Src/stm32f1xx_hal_spi_ex.c ****   * IMPLIED WARRANTIES OF MERCHANTABILITY AND FITNESS FOR A PARTICULAR PURPOSE ARE
  32:Drivers/STM32F1xx_HAL_Driver/Src/stm32f1xx_hal_spi_ex.c ****   * DISCLAIMED. IN NO EVENT SHALL THE COPYRIGHT HOLDER OR CONTRIBUTORS BE LIABLE
ARM GAS  /tmp/cci6ODhw.s 			page 2


  33:Drivers/STM32F1xx_HAL_Driver/Src/stm32f1xx_hal_spi_ex.c ****   * FOR ANY DIRECT, INDIRECT, INCIDENTAL, SPECIAL, EXEMPLARY, OR CONSEQUENTIAL
  34:Drivers/STM32F1xx_HAL_Driver/Src/stm32f1xx_hal_spi_ex.c ****   * DAMAGES (INCLUDING, BUT NOT LIMITED TO, PROCUREMENT OF SUBSTITUTE GOODS OR
  35:Drivers/STM32F1xx_HAL_Driver/Src/stm32f1xx_hal_spi_ex.c ****   * SERVICES; LOSS OF USE, DATA, OR PROFITS; OR BUSINESS INTERRUPTION) HOWEVER
  36:Drivers/STM32F1xx_HAL_Driver/Src/stm32f1xx_hal_spi_ex.c ****   * CAUSED AND ON ANY THEORY OF LIABILITY, WHETHER IN CONTRACT, STRICT LIABILITY,
  37:Drivers/STM32F1xx_HAL_Driver/Src/stm32f1xx_hal_spi_ex.c ****   * OR TORT (INCLUDING NEGLIGENCE OR OTHERWISE) ARISING IN ANY WAY OUT OF THE USE
  38:Drivers/STM32F1xx_HAL_Driver/Src/stm32f1xx_hal_spi_ex.c ****   * OF THIS SOFTWARE, EVEN IF ADVISED OF THE POSSIBILITY OF SUCH DAMAGE.
  39:Drivers/STM32F1xx_HAL_Driver/Src/stm32f1xx_hal_spi_ex.c ****   *
  40:Drivers/STM32F1xx_HAL_Driver/Src/stm32f1xx_hal_spi_ex.c ****   ******************************************************************************
  41:Drivers/STM32F1xx_HAL_Driver/Src/stm32f1xx_hal_spi_ex.c ****   */
  42:Drivers/STM32F1xx_HAL_Driver/Src/stm32f1xx_hal_spi_ex.c **** 
  43:Drivers/STM32F1xx_HAL_Driver/Src/stm32f1xx_hal_spi_ex.c **** /* Includes ------------------------------------------------------------------*/
  44:Drivers/STM32F1xx_HAL_Driver/Src/stm32f1xx_hal_spi_ex.c **** #include "stm32f1xx_hal.h"
  45:Drivers/STM32F1xx_HAL_Driver/Src/stm32f1xx_hal_spi_ex.c **** 
  46:Drivers/STM32F1xx_HAL_Driver/Src/stm32f1xx_hal_spi_ex.c **** /** @addtogroup STM32F1xx_HAL_Driver
  47:Drivers/STM32F1xx_HAL_Driver/Src/stm32f1xx_hal_spi_ex.c ****   * @{
  48:Drivers/STM32F1xx_HAL_Driver/Src/stm32f1xx_hal_spi_ex.c ****   */
  49:Drivers/STM32F1xx_HAL_Driver/Src/stm32f1xx_hal_spi_ex.c **** 
  50:Drivers/STM32F1xx_HAL_Driver/Src/stm32f1xx_hal_spi_ex.c **** /** @addtogroup SPI
  51:Drivers/STM32F1xx_HAL_Driver/Src/stm32f1xx_hal_spi_ex.c ****   * @{
  52:Drivers/STM32F1xx_HAL_Driver/Src/stm32f1xx_hal_spi_ex.c ****   */
  53:Drivers/STM32F1xx_HAL_Driver/Src/stm32f1xx_hal_spi_ex.c **** #ifdef HAL_SPI_MODULE_ENABLED
  54:Drivers/STM32F1xx_HAL_Driver/Src/stm32f1xx_hal_spi_ex.c **** 
  55:Drivers/STM32F1xx_HAL_Driver/Src/stm32f1xx_hal_spi_ex.c **** /** @defgroup SPI_Private_Variables SPI Private Variables
  56:Drivers/STM32F1xx_HAL_Driver/Src/stm32f1xx_hal_spi_ex.c ****   * @{
  57:Drivers/STM32F1xx_HAL_Driver/Src/stm32f1xx_hal_spi_ex.c ****   */
  58:Drivers/STM32F1xx_HAL_Driver/Src/stm32f1xx_hal_spi_ex.c **** #if (USE_SPI_CRC != 0U)
  59:Drivers/STM32F1xx_HAL_Driver/Src/stm32f1xx_hal_spi_ex.c **** /* Variable used to determine if device is impacted by implementation of workaround
  60:Drivers/STM32F1xx_HAL_Driver/Src/stm32f1xx_hal_spi_ex.c ****    related to wrong CRC errors detection on SPI2. Conditions in which this workaround has to be app
  61:Drivers/STM32F1xx_HAL_Driver/Src/stm32f1xx_hal_spi_ex.c ****     - STM32F101CDE/STM32F103CDE
  62:Drivers/STM32F1xx_HAL_Driver/Src/stm32f1xx_hal_spi_ex.c ****     - Revision ID : Z
  63:Drivers/STM32F1xx_HAL_Driver/Src/stm32f1xx_hal_spi_ex.c ****     - SPI2
  64:Drivers/STM32F1xx_HAL_Driver/Src/stm32f1xx_hal_spi_ex.c ****     - In receive only mode, with CRC calculation enabled, at the end of the CRC reception,
  65:Drivers/STM32F1xx_HAL_Driver/Src/stm32f1xx_hal_spi_ex.c ****       the software needs to check the CRCERR flag. If it is found set, read back the SPI_RXCRC:
  66:Drivers/STM32F1xx_HAL_Driver/Src/stm32f1xx_hal_spi_ex.c ****         + If the value is 0, the complete data transfer is successful.
  67:Drivers/STM32F1xx_HAL_Driver/Src/stm32f1xx_hal_spi_ex.c ****         + Otherwise, one or more errors have been detected during the data transfer by CPU or DMA.
  68:Drivers/STM32F1xx_HAL_Driver/Src/stm32f1xx_hal_spi_ex.c ****       If CRCERR is found reset, the complete data transfer is considered successful.
  69:Drivers/STM32F1xx_HAL_Driver/Src/stm32f1xx_hal_spi_ex.c **** */
  70:Drivers/STM32F1xx_HAL_Driver/Src/stm32f1xx_hal_spi_ex.c **** uint8_t uCRCErrorWorkaroundCheck = 0U;
  71:Drivers/STM32F1xx_HAL_Driver/Src/stm32f1xx_hal_spi_ex.c **** #endif /* USE_SPI_CRC */
  72:Drivers/STM32F1xx_HAL_Driver/Src/stm32f1xx_hal_spi_ex.c **** /**
  73:Drivers/STM32F1xx_HAL_Driver/Src/stm32f1xx_hal_spi_ex.c ****   * @}
  74:Drivers/STM32F1xx_HAL_Driver/Src/stm32f1xx_hal_spi_ex.c ****   */
  75:Drivers/STM32F1xx_HAL_Driver/Src/stm32f1xx_hal_spi_ex.c **** 
  76:Drivers/STM32F1xx_HAL_Driver/Src/stm32f1xx_hal_spi_ex.c **** 
  77:Drivers/STM32F1xx_HAL_Driver/Src/stm32f1xx_hal_spi_ex.c **** /* Private typedef -----------------------------------------------------------*/
  78:Drivers/STM32F1xx_HAL_Driver/Src/stm32f1xx_hal_spi_ex.c **** /* Private define ------------------------------------------------------------*/
  79:Drivers/STM32F1xx_HAL_Driver/Src/stm32f1xx_hal_spi_ex.c **** /* Private macro -------------------------------------------------------------*/
  80:Drivers/STM32F1xx_HAL_Driver/Src/stm32f1xx_hal_spi_ex.c **** /* Private variables ---------------------------------------------------------*/
  81:Drivers/STM32F1xx_HAL_Driver/Src/stm32f1xx_hal_spi_ex.c **** /* Private function prototypes -----------------------------------------------*/
  82:Drivers/STM32F1xx_HAL_Driver/Src/stm32f1xx_hal_spi_ex.c **** /* Private functions ---------------------------------------------------------*/
  83:Drivers/STM32F1xx_HAL_Driver/Src/stm32f1xx_hal_spi_ex.c **** 
  84:Drivers/STM32F1xx_HAL_Driver/Src/stm32f1xx_hal_spi_ex.c **** /** @addtogroup SPI_Exported_Functions
  85:Drivers/STM32F1xx_HAL_Driver/Src/stm32f1xx_hal_spi_ex.c ****   * @{
  86:Drivers/STM32F1xx_HAL_Driver/Src/stm32f1xx_hal_spi_ex.c ****   */
  87:Drivers/STM32F1xx_HAL_Driver/Src/stm32f1xx_hal_spi_ex.c **** 
  88:Drivers/STM32F1xx_HAL_Driver/Src/stm32f1xx_hal_spi_ex.c **** /** @addtogroup SPI_Exported_Functions_Group1
  89:Drivers/STM32F1xx_HAL_Driver/Src/stm32f1xx_hal_spi_ex.c ****   *
ARM GAS  /tmp/cci6ODhw.s 			page 3


  90:Drivers/STM32F1xx_HAL_Driver/Src/stm32f1xx_hal_spi_ex.c ****   * @{
  91:Drivers/STM32F1xx_HAL_Driver/Src/stm32f1xx_hal_spi_ex.c ****   */
  92:Drivers/STM32F1xx_HAL_Driver/Src/stm32f1xx_hal_spi_ex.c **** 
  93:Drivers/STM32F1xx_HAL_Driver/Src/stm32f1xx_hal_spi_ex.c **** /**
  94:Drivers/STM32F1xx_HAL_Driver/Src/stm32f1xx_hal_spi_ex.c ****   * @brief  Initializes the SPI according to the specified parameters 
  95:Drivers/STM32F1xx_HAL_Driver/Src/stm32f1xx_hal_spi_ex.c ****   *         in the SPI_InitTypeDef and create the associated handle.
  96:Drivers/STM32F1xx_HAL_Driver/Src/stm32f1xx_hal_spi_ex.c ****   * @param  hspi: pointer to a SPI_HandleTypeDef structure that contains
  97:Drivers/STM32F1xx_HAL_Driver/Src/stm32f1xx_hal_spi_ex.c ****   *                the configuration information for SPI module.
  98:Drivers/STM32F1xx_HAL_Driver/Src/stm32f1xx_hal_spi_ex.c ****   * @retval HAL status
  99:Drivers/STM32F1xx_HAL_Driver/Src/stm32f1xx_hal_spi_ex.c ****   */
 100:Drivers/STM32F1xx_HAL_Driver/Src/stm32f1xx_hal_spi_ex.c **** HAL_StatusTypeDef HAL_SPI_Init(SPI_HandleTypeDef *hspi)
 101:Drivers/STM32F1xx_HAL_Driver/Src/stm32f1xx_hal_spi_ex.c **** {
  27              		.loc 1 101 0
  28              		.cfi_startproc
  29              		@ args = 0, pretend = 0, frame = 0
  30              		@ frame_needed = 0, uses_anonymous_args = 0
  31              	.LVL0:
 102:Drivers/STM32F1xx_HAL_Driver/Src/stm32f1xx_hal_spi_ex.c ****   /* Check the SPI handle allocation */
 103:Drivers/STM32F1xx_HAL_Driver/Src/stm32f1xx_hal_spi_ex.c ****   if(hspi == NULL)
  32              		.loc 1 103 0
  33 0000 0028     		cmp	r0, #0
  34 0002 39D0     		beq	.L4
 101:Drivers/STM32F1xx_HAL_Driver/Src/stm32f1xx_hal_spi_ex.c ****   /* Check the SPI handle allocation */
  35              		.loc 1 101 0
  36 0004 F8B5     		push	{r3, r4, r5, r6, r7, lr}
  37              	.LCFI0:
  38              		.cfi_def_cfa_offset 24
  39              		.cfi_offset 3, -24
  40              		.cfi_offset 4, -20
  41              		.cfi_offset 5, -16
  42              		.cfi_offset 6, -12
  43              		.cfi_offset 7, -8
  44              		.cfi_offset 14, -4
 104:Drivers/STM32F1xx_HAL_Driver/Src/stm32f1xx_hal_spi_ex.c ****   {
 105:Drivers/STM32F1xx_HAL_Driver/Src/stm32f1xx_hal_spi_ex.c ****     return HAL_ERROR;
 106:Drivers/STM32F1xx_HAL_Driver/Src/stm32f1xx_hal_spi_ex.c ****   }
 107:Drivers/STM32F1xx_HAL_Driver/Src/stm32f1xx_hal_spi_ex.c **** 
 108:Drivers/STM32F1xx_HAL_Driver/Src/stm32f1xx_hal_spi_ex.c ****   /* Check the parameters */
 109:Drivers/STM32F1xx_HAL_Driver/Src/stm32f1xx_hal_spi_ex.c ****   assert_param(IS_SPI_ALL_INSTANCE(hspi->Instance));
 110:Drivers/STM32F1xx_HAL_Driver/Src/stm32f1xx_hal_spi_ex.c ****   assert_param(IS_SPI_MODE(hspi->Init.Mode));
 111:Drivers/STM32F1xx_HAL_Driver/Src/stm32f1xx_hal_spi_ex.c ****   assert_param(IS_SPI_DIRECTION(hspi->Init.Direction));
 112:Drivers/STM32F1xx_HAL_Driver/Src/stm32f1xx_hal_spi_ex.c ****   assert_param(IS_SPI_DATASIZE(hspi->Init.DataSize));
 113:Drivers/STM32F1xx_HAL_Driver/Src/stm32f1xx_hal_spi_ex.c ****   assert_param(IS_SPI_CPOL(hspi->Init.CLKPolarity));
 114:Drivers/STM32F1xx_HAL_Driver/Src/stm32f1xx_hal_spi_ex.c ****   assert_param(IS_SPI_CPHA(hspi->Init.CLKPhase));
 115:Drivers/STM32F1xx_HAL_Driver/Src/stm32f1xx_hal_spi_ex.c ****   assert_param(IS_SPI_NSS(hspi->Init.NSS));
 116:Drivers/STM32F1xx_HAL_Driver/Src/stm32f1xx_hal_spi_ex.c ****   assert_param(IS_SPI_BAUDRATE_PRESCALER(hspi->Init.BaudRatePrescaler));
 117:Drivers/STM32F1xx_HAL_Driver/Src/stm32f1xx_hal_spi_ex.c ****   assert_param(IS_SPI_FIRST_BIT(hspi->Init.FirstBit));
 118:Drivers/STM32F1xx_HAL_Driver/Src/stm32f1xx_hal_spi_ex.c **** 
 119:Drivers/STM32F1xx_HAL_Driver/Src/stm32f1xx_hal_spi_ex.c **** #if (USE_SPI_CRC != 0U)
 120:Drivers/STM32F1xx_HAL_Driver/Src/stm32f1xx_hal_spi_ex.c ****   assert_param(IS_SPI_CRC_CALCULATION(hspi->Init.CRCCalculation));
 121:Drivers/STM32F1xx_HAL_Driver/Src/stm32f1xx_hal_spi_ex.c ****   if(hspi->Init.CRCCalculation == SPI_CRCCALCULATION_ENABLE)
 122:Drivers/STM32F1xx_HAL_Driver/Src/stm32f1xx_hal_spi_ex.c ****   {
 123:Drivers/STM32F1xx_HAL_Driver/Src/stm32f1xx_hal_spi_ex.c ****     assert_param(IS_SPI_CRC_POLYNOMIAL(hspi->Init.CRCPolynomial));
 124:Drivers/STM32F1xx_HAL_Driver/Src/stm32f1xx_hal_spi_ex.c ****   }
 125:Drivers/STM32F1xx_HAL_Driver/Src/stm32f1xx_hal_spi_ex.c **** #else
 126:Drivers/STM32F1xx_HAL_Driver/Src/stm32f1xx_hal_spi_ex.c ****   hspi->Init.CRCCalculation = SPI_CRCCALCULATION_DISABLE;
  45              		.loc 1 126 0
ARM GAS  /tmp/cci6ODhw.s 			page 4


  46 0006 0023     		movs	r3, #0
 127:Drivers/STM32F1xx_HAL_Driver/Src/stm32f1xx_hal_spi_ex.c **** #endif /* USE_SPI_CRC */
 128:Drivers/STM32F1xx_HAL_Driver/Src/stm32f1xx_hal_spi_ex.c **** 
 129:Drivers/STM32F1xx_HAL_Driver/Src/stm32f1xx_hal_spi_ex.c ****   if(hspi->State == HAL_SPI_STATE_RESET)
  47              		.loc 1 129 0
  48 0008 90F85120 		ldrb	r2, [r0, #81]	@ zero_extendqisi2
  49 000c 0446     		mov	r4, r0
 126:Drivers/STM32F1xx_HAL_Driver/Src/stm32f1xx_hal_spi_ex.c **** #endif /* USE_SPI_CRC */
  50              		.loc 1 126 0
  51 000e 8362     		str	r3, [r0, #40]
  52              		.loc 1 129 0
  53 0010 72B3     		cbz	r2, .L11
  54 0012 1A46     		mov	r2, r3
  55              	.LVL1:
  56              	.L3:
 130:Drivers/STM32F1xx_HAL_Driver/Src/stm32f1xx_hal_spi_ex.c ****   {
 131:Drivers/STM32F1xx_HAL_Driver/Src/stm32f1xx_hal_spi_ex.c ****     /* Init the low level hardware : GPIO, CLOCK, NVIC... */
 132:Drivers/STM32F1xx_HAL_Driver/Src/stm32f1xx_hal_spi_ex.c ****     HAL_SPI_MspInit(hspi);
 133:Drivers/STM32F1xx_HAL_Driver/Src/stm32f1xx_hal_spi_ex.c ****   }
 134:Drivers/STM32F1xx_HAL_Driver/Src/stm32f1xx_hal_spi_ex.c ****   
 135:Drivers/STM32F1xx_HAL_Driver/Src/stm32f1xx_hal_spi_ex.c ****   hspi->State = HAL_SPI_STATE_BUSY;
 136:Drivers/STM32F1xx_HAL_Driver/Src/stm32f1xx_hal_spi_ex.c **** 
 137:Drivers/STM32F1xx_HAL_Driver/Src/stm32f1xx_hal_spi_ex.c ****   /* Disble the selected SPI peripheral */
 138:Drivers/STM32F1xx_HAL_Driver/Src/stm32f1xx_hal_spi_ex.c ****   __HAL_SPI_DISABLE(hspi);
 139:Drivers/STM32F1xx_HAL_Driver/Src/stm32f1xx_hal_spi_ex.c **** 
 140:Drivers/STM32F1xx_HAL_Driver/Src/stm32f1xx_hal_spi_ex.c ****   /*----------------------- SPIx CR1 & CR2 Configuration ---------------------*/
 141:Drivers/STM32F1xx_HAL_Driver/Src/stm32f1xx_hal_spi_ex.c ****   /* Configure : SPI Mode, Communication Mode, Data size, Clock polarity and phase, NSS management,
 142:Drivers/STM32F1xx_HAL_Driver/Src/stm32f1xx_hal_spi_ex.c ****   Communication speed, First bit and CRC calculation state */
 143:Drivers/STM32F1xx_HAL_Driver/Src/stm32f1xx_hal_spi_ex.c ****   WRITE_REG(hspi->Instance->CR1, (hspi->Init.Mode | hspi->Init.Direction | hspi->Init.DataSize |
  57              		.loc 1 143 0
  58 0014 D4E90136 		ldrd	r3, r6, [r4, #4]
 135:Drivers/STM32F1xx_HAL_Driver/Src/stm32f1xx_hal_spi_ex.c **** 
  59              		.loc 1 135 0
  60 0018 0227     		movs	r7, #2
 144:Drivers/STM32F1xx_HAL_Driver/Src/stm32f1xx_hal_spi_ex.c ****                                   hspi->Init.CLKPolarity | hspi->Init.CLKPhase | (hspi->Init.NSS & 
 145:Drivers/STM32F1xx_HAL_Driver/Src/stm32f1xx_hal_spi_ex.c ****                                   hspi->Init.BaudRatePrescaler | hspi->Init.FirstBit  | hspi->Init.
 146:Drivers/STM32F1xx_HAL_Driver/Src/stm32f1xx_hal_spi_ex.c **** 
 147:Drivers/STM32F1xx_HAL_Driver/Src/stm32f1xx_hal_spi_ex.c ****   /* Configure : NSS management */
 148:Drivers/STM32F1xx_HAL_Driver/Src/stm32f1xx_hal_spi_ex.c ****   WRITE_REG(hspi->Instance->CR2, (((hspi->Init.NSS >> 16U) & SPI_CR2_SSOE) | hspi->Init.TIMode));
 149:Drivers/STM32F1xx_HAL_Driver/Src/stm32f1xx_hal_spi_ex.c **** 
 150:Drivers/STM32F1xx_HAL_Driver/Src/stm32f1xx_hal_spi_ex.c ****   /*---------------------------- SPIx CRCPOLY Configuration ------------------*/
 151:Drivers/STM32F1xx_HAL_Driver/Src/stm32f1xx_hal_spi_ex.c ****   /* Configure : CRC Polynomial */
 152:Drivers/STM32F1xx_HAL_Driver/Src/stm32f1xx_hal_spi_ex.c ****   WRITE_REG(hspi->Instance->CRCPR, hspi->Init.CRCPolynomial);
 153:Drivers/STM32F1xx_HAL_Driver/Src/stm32f1xx_hal_spi_ex.c **** 
 154:Drivers/STM32F1xx_HAL_Driver/Src/stm32f1xx_hal_spi_ex.c **** #if defined(SPI_I2SCFGR_I2SMOD)
 155:Drivers/STM32F1xx_HAL_Driver/Src/stm32f1xx_hal_spi_ex.c ****   /* Activate the SPI mode (Make sure that I2SMOD bit in I2SCFGR register is reset) */
 156:Drivers/STM32F1xx_HAL_Driver/Src/stm32f1xx_hal_spi_ex.c ****   CLEAR_BIT(hspi->Instance->I2SCFGR, SPI_I2SCFGR_I2SMOD);
 157:Drivers/STM32F1xx_HAL_Driver/Src/stm32f1xx_hal_spi_ex.c **** #endif /* SPI_I2SCFGR_I2SMOD */
 158:Drivers/STM32F1xx_HAL_Driver/Src/stm32f1xx_hal_spi_ex.c **** 
 159:Drivers/STM32F1xx_HAL_Driver/Src/stm32f1xx_hal_spi_ex.c **** #if (USE_SPI_CRC != 0U)
 160:Drivers/STM32F1xx_HAL_Driver/Src/stm32f1xx_hal_spi_ex.c **** #if defined (STM32F101xE) || defined (STM32F103xE)
 161:Drivers/STM32F1xx_HAL_Driver/Src/stm32f1xx_hal_spi_ex.c ****   /* Check RevisionID value for identifying if Device is Rev Z (0x0001) in order to enable workarou
 162:Drivers/STM32F1xx_HAL_Driver/Src/stm32f1xx_hal_spi_ex.c ****      CRC errors wrongly detected */
 163:Drivers/STM32F1xx_HAL_Driver/Src/stm32f1xx_hal_spi_ex.c ****   /* Pb is that ES_STM32F10xxCDE also identify an issue in Debug registers access while not in Debu
 164:Drivers/STM32F1xx_HAL_Driver/Src/stm32f1xx_hal_spi_ex.c ****      Revision ID information is only available in Debug mode, so Workaround could not be implemente
 165:Drivers/STM32F1xx_HAL_Driver/Src/stm32f1xx_hal_spi_ex.c ****      to distinguish Rev Z devices (issue present) from more recent version (issue fixed).
 166:Drivers/STM32F1xx_HAL_Driver/Src/stm32f1xx_hal_spi_ex.c ****      So, in case of Revison Z F101 or F103 devices, below variable should be assigned to 1 */
ARM GAS  /tmp/cci6ODhw.s 			page 5


 167:Drivers/STM32F1xx_HAL_Driver/Src/stm32f1xx_hal_spi_ex.c ****   uCRCErrorWorkaroundCheck = 0U;
 168:Drivers/STM32F1xx_HAL_Driver/Src/stm32f1xx_hal_spi_ex.c **** #else
 169:Drivers/STM32F1xx_HAL_Driver/Src/stm32f1xx_hal_spi_ex.c ****   uCRCErrorWorkaroundCheck = 0U;
 170:Drivers/STM32F1xx_HAL_Driver/Src/stm32f1xx_hal_spi_ex.c **** #endif /* STM32F101xE || STM32F103xE */
 171:Drivers/STM32F1xx_HAL_Driver/Src/stm32f1xx_hal_spi_ex.c **** #endif /* USE_SPI_CRC */
 172:Drivers/STM32F1xx_HAL_Driver/Src/stm32f1xx_hal_spi_ex.c **** 
 173:Drivers/STM32F1xx_HAL_Driver/Src/stm32f1xx_hal_spi_ex.c ****   hspi->ErrorCode = HAL_SPI_ERROR_NONE;
  61              		.loc 1 173 0
  62 001a 0021     		movs	r1, #0
 174:Drivers/STM32F1xx_HAL_Driver/Src/stm32f1xx_hal_spi_ex.c ****   hspi->State = HAL_SPI_STATE_READY;
  63              		.loc 1 174 0
  64 001c 0125     		movs	r5, #1
 143:Drivers/STM32F1xx_HAL_Driver/Src/stm32f1xx_hal_spi_ex.c ****                                   hspi->Init.CLKPolarity | hspi->Init.CLKPhase | (hspi->Init.NSS & 
  65              		.loc 1 143 0
  66 001e E068     		ldr	r0, [r4, #12]
  67 0020 3343     		orrs	r3, r3, r6
  68 0022 2669     		ldr	r6, [r4, #16]
  69 0024 0343     		orrs	r3, r3, r0
  70 0026 6069     		ldr	r0, [r4, #20]
  71 0028 3343     		orrs	r3, r3, r6
  72 002a E669     		ldr	r6, [r4, #28]
  73 002c 0343     		orrs	r3, r3, r0
  74 002e 3343     		orrs	r3, r3, r6
  75 0030 206A     		ldr	r0, [r4, #32]
  76 0032 A669     		ldr	r6, [r4, #24]
 135:Drivers/STM32F1xx_HAL_Driver/Src/stm32f1xx_hal_spi_ex.c **** 
  77              		.loc 1 135 0
  78 0034 84F85170 		strb	r7, [r4, #81]
 143:Drivers/STM32F1xx_HAL_Driver/Src/stm32f1xx_hal_spi_ex.c ****                                   hspi->Init.CLKPolarity | hspi->Init.CLKPhase | (hspi->Init.NSS & 
  79              		.loc 1 143 0
  80 0038 0343     		orrs	r3, r3, r0
 138:Drivers/STM32F1xx_HAL_Driver/Src/stm32f1xx_hal_spi_ex.c **** 
  81              		.loc 1 138 0
  82 003a 2768     		ldr	r7, [r4]
 143:Drivers/STM32F1xx_HAL_Driver/Src/stm32f1xx_hal_spi_ex.c ****                                   hspi->Init.CLKPolarity | hspi->Init.CLKPhase | (hspi->Init.NSS & 
  83              		.loc 1 143 0
  84 003c 06F40070 		and	r0, r6, #512
  85 0040 0343     		orrs	r3, r3, r0
  86 0042 1343     		orrs	r3, r3, r2
 138:Drivers/STM32F1xx_HAL_Driver/Src/stm32f1xx_hal_spi_ex.c **** 
  87              		.loc 1 138 0
  88 0044 3A68     		ldr	r2, [r7]
 148:Drivers/STM32F1xx_HAL_Driver/Src/stm32f1xx_hal_spi_ex.c **** 
  89              		.loc 1 148 0
  90 0046 606A     		ldr	r0, [r4, #36]
 138:Drivers/STM32F1xx_HAL_Driver/Src/stm32f1xx_hal_spi_ex.c **** 
  91              		.loc 1 138 0
  92 0048 22F04002 		bic	r2, r2, #64
 148:Drivers/STM32F1xx_HAL_Driver/Src/stm32f1xx_hal_spi_ex.c **** 
  93              		.loc 1 148 0
  94 004c 360C     		lsrs	r6, r6, #16
 138:Drivers/STM32F1xx_HAL_Driver/Src/stm32f1xx_hal_spi_ex.c **** 
  95              		.loc 1 138 0
  96 004e 3A60     		str	r2, [r7]
 148:Drivers/STM32F1xx_HAL_Driver/Src/stm32f1xx_hal_spi_ex.c **** 
  97              		.loc 1 148 0
  98 0050 06F00406 		and	r6, r6, #4
ARM GAS  /tmp/cci6ODhw.s 			page 6


 143:Drivers/STM32F1xx_HAL_Driver/Src/stm32f1xx_hal_spi_ex.c ****                                   hspi->Init.CLKPolarity | hspi->Init.CLKPhase | (hspi->Init.NSS & 
  99              		.loc 1 143 0
 100 0054 3B60     		str	r3, [r7]
 152:Drivers/STM32F1xx_HAL_Driver/Src/stm32f1xx_hal_spi_ex.c **** 
 101              		.loc 1 152 0
 102 0056 E36A     		ldr	r3, [r4, #44]
 148:Drivers/STM32F1xx_HAL_Driver/Src/stm32f1xx_hal_spi_ex.c **** 
 103              		.loc 1 148 0
 104 0058 0643     		orrs	r6, r6, r0
 105 005a 7E60     		str	r6, [r7, #4]
 152:Drivers/STM32F1xx_HAL_Driver/Src/stm32f1xx_hal_spi_ex.c **** 
 106              		.loc 1 152 0
 107 005c 3B61     		str	r3, [r7, #16]
 156:Drivers/STM32F1xx_HAL_Driver/Src/stm32f1xx_hal_spi_ex.c **** #endif /* SPI_I2SCFGR_I2SMOD */
 108              		.loc 1 156 0
 109 005e FB69     		ldr	r3, [r7, #28]
 175:Drivers/STM32F1xx_HAL_Driver/Src/stm32f1xx_hal_spi_ex.c ****   
 176:Drivers/STM32F1xx_HAL_Driver/Src/stm32f1xx_hal_spi_ex.c ****   return HAL_OK;
 110              		.loc 1 176 0
 111 0060 0846     		mov	r0, r1
 156:Drivers/STM32F1xx_HAL_Driver/Src/stm32f1xx_hal_spi_ex.c **** #endif /* SPI_I2SCFGR_I2SMOD */
 112              		.loc 1 156 0
 113 0062 23F40063 		bic	r3, r3, #2048
 114 0066 FB61     		str	r3, [r7, #28]
 173:Drivers/STM32F1xx_HAL_Driver/Src/stm32f1xx_hal_spi_ex.c ****   hspi->State = HAL_SPI_STATE_READY;
 115              		.loc 1 173 0
 116 0068 6165     		str	r1, [r4, #84]
 174:Drivers/STM32F1xx_HAL_Driver/Src/stm32f1xx_hal_spi_ex.c ****   
 117              		.loc 1 174 0
 118 006a 84F85150 		strb	r5, [r4, #81]
 177:Drivers/STM32F1xx_HAL_Driver/Src/stm32f1xx_hal_spi_ex.c **** }
 119              		.loc 1 177 0
 120 006e F8BD     		pop	{r3, r4, r5, r6, r7, pc}
 121              	.LVL2:
 122              	.L11:
 132:Drivers/STM32F1xx_HAL_Driver/Src/stm32f1xx_hal_spi_ex.c ****   }
 123              		.loc 1 132 0
 124 0070 FFF7FEFF 		bl	HAL_SPI_MspInit
 125              	.LVL3:
 126 0074 A26A     		ldr	r2, [r4, #40]
 127 0076 CDE7     		b	.L3
 128              	.LVL4:
 129              	.L4:
 130              	.LCFI1:
 131              		.cfi_def_cfa_offset 0
 132              		.cfi_restore 3
 133              		.cfi_restore 4
 134              		.cfi_restore 5
 135              		.cfi_restore 6
 136              		.cfi_restore 7
 137              		.cfi_restore 14
 105:Drivers/STM32F1xx_HAL_Driver/Src/stm32f1xx_hal_spi_ex.c ****   }
 138              		.loc 1 105 0
 139 0078 0120     		movs	r0, #1
 140              	.LVL5:
 141              		.loc 1 177 0
 142 007a 7047     		bx	lr
ARM GAS  /tmp/cci6ODhw.s 			page 7


 143              		.cfi_endproc
 144              	.LFE66:
 146              		.text
 147              	.Letext0:
 148              		.file 2 "/usr/local/gcc-arm-none-eabi-7-2018-q2-update/arm-none-eabi/include/machine/_default_type
 149              		.file 3 "/usr/local/gcc-arm-none-eabi-7-2018-q2-update/arm-none-eabi/include/sys/_stdint.h"
 150              		.file 4 "Drivers/CMSIS/Include/core_cm3.h"
 151              		.file 5 "Drivers/CMSIS/Device/ST/STM32F1xx/Include/system_stm32f1xx.h"
 152              		.file 6 "Drivers/CMSIS/Device/ST/STM32F1xx/Include/stm32f103xe.h"
 153              		.file 7 "/usr/local/gcc-arm-none-eabi-7-2018-q2-update/arm-none-eabi/include/sys/lock.h"
 154              		.file 8 "/usr/local/gcc-arm-none-eabi-7-2018-q2-update/arm-none-eabi/include/sys/_types.h"
 155              		.file 9 "/usr/local/gcc-arm-none-eabi-7-2018-q2-update/lib/gcc/arm-none-eabi/7.3.1/include/stddef.
 156              		.file 10 "/usr/local/gcc-arm-none-eabi-7-2018-q2-update/arm-none-eabi/include/sys/reent.h"
 157              		.file 11 "Drivers/STM32F1xx_HAL_Driver/Inc/stm32f1xx_hal_def.h"
 158              		.file 12 "Drivers/STM32F1xx_HAL_Driver/Inc/stm32f1xx_hal_dma.h"
 159              		.file 13 "Drivers/STM32F1xx_HAL_Driver/Inc/stm32f1xx_hal_spi.h"
ARM GAS  /tmp/cci6ODhw.s 			page 8


DEFINED SYMBOLS
                            *ABS*:0000000000000000 stm32f1xx_hal_spi_ex.c
     /tmp/cci6ODhw.s:16     .text.HAL_SPI_Init:0000000000000000 $t
     /tmp/cci6ODhw.s:24     .text.HAL_SPI_Init:0000000000000000 HAL_SPI_Init

UNDEFINED SYMBOLS
HAL_SPI_MspInit
